[    0.000000] Initializing cgroup subsys cpuset
[    0.000000] Initializin cgroup subsys cpu
[    0.000000 Initializing cgroup subsys cpuacct
[    0.000000] Linux version 4.4.0-130-generi (buildd@lgw01-amd64-039) (gcc version 5.4.0 20160609 (Uuntu 5.4.0-6ubuntu1~16.04.9) ) #156-Ubuntu SMP Thu Jun 14 08:53:28 UTC 2018 (Ubuntu 4.4.0-130.156-generic 4.4.134)
[    0.000000] Command line: BOOT_IMAGE=/bt/vmlinuz-4.4.0-130-generic root=LABEL=cloudimg-rootfs ro console=tty1 console=ttyS0
[    0.000000] KERNEL supported cpus:
[    0.000000]   Intel GenuineIntel
[    0.000000]   AMD AuthenticAMD
[    0.000000]  Centaur CentarHauls
[    0.000000] x86/fpu: xsate_offset[2]:  576, xstate_izes[2]:  256
[    0.000000] x86/fpu: Supporting XSAVE feature 0x01: 'x87 floating pointregisters'
[    0.000000 x86/fpu: Supporting XSAVE feature 0x02: 'SSE registers'
[    0.00000] x8/fpu: Supporting XSAVE feature0x04: 'AVX registers
[    0.000000] x86/fpu: Enabled xstate features 0x7, ontext size is 832 bytes, using 'standard' format.
[    0.000000] x86/fpu: Using 'eager' FPU context switches.
[    0.000000] e820: BIOS-povided physical RAM map:
[    0.000000] BIOS-e820: [mem 0x0000000000000000-0x000000000009fbff] usable
[    0.000000] BIOS-e820: [mem 0x000000000009fc00-0x000000000009ffff] reserved
[    0.000000] BIOS-e820: [mem 0x00000000000f000-0x00000000000fffff] reserved
[    0.000000] BIOS-e820: [mem 0x0000000000100000-0x000000003ffeffff] usable
[    0.00000] BIOS-e820: [em 0x00000000fff0000-0x000000003fffffff] ACPI data
[    0.000000] BIOS-e820: [mem 0x00000000fec00000-0x00000000fec00fff] reserved
[    0.000000] BIOS-e820: [mem 0x00000000fee00000-0x00000000fee00fff] reserved
[    0.000000] BIOS-e820: [mem 0x00000000fffc0000-0x00000000ffffffff] reserved
[    .00000] NXX (Execute Disable) protection: active
[    0.00000 SMBIOS 2.5 present.
[    0.000000] Hypervisor etected: KVM
[    0.000000] e820: last_pfn = 0x3fff0 max_arch_pfn = 0x400000000
[    0.000000] MTRR: Disabled
[    0.000000] x86/PAT: MTRRs disabledskipping PAT initialization too.
[    0.000000] CPU MTRRs all blank - virtualized system.
[    0.000000] x86/PAT: Configuration [0-7: WB  WT  UC- UC  WB  WT  UC- UC  
[    0.000000] found SMP MP-table at [mem 0x0009fff0-0x0009ffff] mapped at [ffff88000009fff0]
[    0.000000] Scaning 1 aras for low memory corruption
[    0.000000] RAMDISK: [mem 0x36aa4000-0x3754fff]
[    0.000000] ACPI: Early table checksum verification disabled
[    0.000000] ACPI: RSDP 0x00000000000E0000 000024 (02 VBOX  )
[    0.000000] ACPI: XSDT 0x00000003FFF0030 00003C (v01 VBOX   VBOXXSDT 00000001 ASL  0000061)
[    0.000000] ACPI: FACP 0x000000003FFF00F0 0000F4 (v04 VBOX   VBOXFACP 00000001 ASL  00000061)
[    0.000000] ACPI: DST 0x000000003FFF0470 0021FF (v02 VBOX   VBOXBIOS 0000002 INTL 20100528)
[    0.000000] ACPI: FACS 0x000000003FFF0200 000040
[    0.00000] ACPI: FACS 0x000000003FFF0200 000040

[    0.000000] ACPI: APIC 0x000000003FFF0240 00005C (v02 VBOX   VBOXAPIC 00000001 ASL  00000061)
[    0.000000] ACPI: SSDT 0x000000003FFF02A0 0001CC(v01 VBOX   VBOXCPUT 00000002 INTL 20100528)
[    0.000000] No NUMA configuration found
[    0.000000] Faking a node at [mem 0x0000000000000000-0x000000003ffeffff][    0.000000] NODE_DA(0) allcated [mem 0x3ffeb000-0x3ffeffff]
[    0.00000] kvm-clok: Using msrs 4b564d01 and 4b564d00
[    0.00000] kvm-clock: cpu 0, msr 0:3ffe3001, primary cpu clock
[    0.000000] kvm-clock: using sched offset of 372758158 cycles
[    0.000000] clocksource: kvm-cock: ask: 0xffffffffffffffff max_cycles: 0xcd42e4dffb, max_idle_ns:881590591483 ns
[    0.000000] Zone ranges:
[    .0000000]   DMA      [mem 0x0000000000001000-0x0000000000ffffff]
[    0.000000]   DMA32    [mem 0x0000000001000000-0x000000003ffeffff]
[    0.000000   Normal   empty
[    0.000000]   Device   empty
[    0.000000] Movable zone start for each node
[    0.000000] Early memory node ranges
[    0.000000]   node   0: [mem 0x000000000001000-0x0000000009efff]
[    0.000000]  node   0: [mem 0x0000000000100000x00000003ffeffff]
[    .00000] Initmem setup node 0 [mem 0x0000000000001000-0x000000003ffeffff]
[   0.000000] ACI: PM-Timer IO Port: 0x4008
[    0.00000] IAPIC[0]: apic_id 2, version 32, adress0xfec00000, GSI 0-23
[    0.000000] ACPI: INT_SRC_OVR (bus 0 bus_rq 0 global_irq 2 dfl dfl)
[   0.00000] ACPI: INT_SRC_OVR (bus 0 bus_irq  global_irq 9 low level)
[    0.000000] Using ACPI (MADT) for SMP configuration informaion
[    0.00000] smpboot: Allowing 2 CPUs, 0 hotplug CPUs
[    0.000000] PM: Registered nosaveemor: [mem 0x00000000-0x00000ff]
[   0.000000] PM:Registered nosave meory: [mem 0x0009f000-0x0009ffff]
[    0.000000] PM: Registered osave memory: [mem 0x000a0000-0x000effff]
[    0.000000] PM: Registered nosave memory: [mem 0x000f0000-0x000fffff]
[    0.000000] e820: [mem 0x40000000-0xfebfffff] available for PCI devices
[    0.000000] Booting paravirtualized kernel on KVM
[    0.000000] clocksource: refined-jiffies: mask: 0xffffffff max_cycles: 0xffffffff, max_idle_ns: 7645519600211568 ns
[    0.000000] setup_percpu: NR_CPUS:512 nr_cpumask_bits:512 nr_cpu_ids:2 nr_node_ids:1
[    0.000000] PERCPU: Embedded 34 pages/cpu @ffff88003fc00000 s99544 r8192 d31528 u1048576
[    0.0000] PVqspinlock hash table entries: 256 (order: 0, 4096 bytes)
[    0.000000] uilt 1 zonelsts in Node order, mobilit grouping on.  Total paes: 57912
[   0.000000] Policy zone: DMA32
[    0.00000] Kernel command line: BOOT_IMAGE=/boot/vmlinuz-4.4.0-130-generic rot=LABL=cloudimg-rootfs ro console=tty1 console=ttyS0
[    0.000000] PID hash table entries: 4096 (order: 3, 32768 bytes)
[    0.000000] Meory: 101612K/1048120K availabe (8546K kernel code, 1313K rwdata, 4000K rodata, 1516K init, 1316K bss, 46508K reserved,0K cmareserved)
    0.000000] SLUB:HWalign=64, Order=0-3, MinObjects=0, CPUs=2, Nodes=1
[    0.000000] Kernel/Use page tbles isolation: nabled
[    0.000000] Hierarchical RCU implementation.
[    0.000000] 	Build-time adjustent of lea fanout to 64.
[    0.000000] 	RCU restricting CPUs from NR_CPUS=512 to nr_cpu_ids=2.
[   0.000000] RCU: Adjusting geometry for rcu_fanout_leaf=64, nr_cpu_ids=2
[    0.000000] NR_IRS:33024 nr_irqs:440 16
[    0.000000] Console: colour VGA+ 80x25
[    0.000000] console [tt1] enabled
[    0.000000] console [ttyS0] enabled
[    0.000000] tsc: Detected 1599.999 MHz processor
[    2.412873] Calbratingdela loop (skipped) preset value.. 3199.99 BogoMIPS (lpj=6399996)
[    2.473201] pid_max: default: 32768 minimum: 301
[    2.490468] ACPI: Core revision 20150930
[    2.494377] ACPI: 2 ACPI AML tables successfully acquired and loaded
[    2.498671] Security Framework initialized
[    2.512548] Yama: becoming mindful.
[    2.514138] AppArmor: AppArmor initialized
[    2.517277] Dentry cache hash table entries: 131072 (order: 8, 1048576 bytes)
[    2.527461] Inode-cache hash table entries: 65536 (order: 7, 524288 bytes)
[    2.534483] Mount-cache hash table entries: 2048 (order: 2, 16384 bytes)
[    2.544912] Mountpoint-cache hash table entries: 2048 (order: 2, 16384 bytes)
[    2.549296] Initializing cgroup subsys io
[    2.551033] Initializing cgroup subsys memory
[    2.554030] Initializing cgroup subsys devices
[    2.556190] Initializing cgroup subsys freezer
[    2.563623] Initializing cgroup subsys net_cls
[    2.565694] Initializing cgroup subsys perf_event
[    2.569693] Initializing cgroup subsys net_prio
[    2.576734] Initializing cgroup subsys hugetlb
[    2.578721] Initializing cgroup subsys pids
[    2.588430] CPU: Physical Processor ID: 0
[    2.599067] CPU: Processor Core ID: 0
[    2.609455] mce: CPU supports 0 MCE banks
[    2.612392] Last level iTLB entries: 4KB 64, 2MB 8, 4MB 8
[    2.614610] Last level dTLB entries: 4KB 64, 2MB 0, 4MB 0, 1GB 4
[    2.637438] Spectre V2 : Mitigation: Full generic retpoline
[    2.649064] Spectre V2 : Speculation control IBPB not-supported IBRS not-supported
[    2.653351] Speculative Store Bypass: Vulnerable
[    2.658620] Freeing SMP alternatives memory: 32K
[    2.685591] ftrace: allocating 32245 entries in 126 pages
[    2.749413] smpboot: APIC(0) Converting physical 0 to logical package 0
[    2.768618] smpboot: Max logical packages: 1
[    2.770699] x2apic enabled
[    2.772252] Switched APIC routing to physical x2apic.
[    2.781784] ..TIMER: vector=0x30 apic1=0 pin1=2 apic2=-1 pin2=-1
[    2.892102] smpboot: CPU0: Intel(R) Core(TM) i5-5250U CPU @ 1.60GHz (family: 0x6, model: 0x3d, stepping: 0x4)
[    2.912994] Performance Events: unsupported p6 CPU model 61 no PMU driver, software events only.
[    2.929081] KVM setup paravirtual spinlock
[    2.934316] x86: Booting SMP configuration:
[    2.939937] .... node  #0, CPUs:      #1
[    2.942046] kvm-clock: cpu 1, msr 0:3ffe3041, secondary cpu clock
[    2.951952] mce: CPU supports 0 MCE banks
[    2.955225] x86: Booted up 1 node, 2 CPUs
[    2.964190] smpboot: Total of 2 processors activated (6399.99 BogoMIPS)
[    2.976062] devtmpfs: initialized
[    2.979683] evm: security.selinux
[    2.984655] evm: security.SMACK64
[    2.992325] evm: security.SMACK64EXEC
[    2.996438] evm: security.SMACK64TRANSMUTE
[    3.005388] evm: security.SMACK64MMAP
[    3.007012] evm: security.ima
[    3.013349] evm: security.capability
[    3.017415] clocksource: jiffies: mask: 0xffffffff max_cycles: 0xffffffff, max_idle_ns: 7645041785100000 ns
[    3.030772] futex hash table entries: 512 (order: 3, 32768 bytes)
[    3.037494] pinctrl core: initialized pinctrl subsystem
[    3.039667] RTC time:  0:59:21, date: 07/31/18
[    3.057660] NET: Registered protocol family 16
[    3.073232] cpuidle: using governor ladder
[    3.088685] cpuidle: using governor menu
[    3.091301] PCCT header not found.
[    3.100478] ACPI: bus type PCI registered
[    3.102368] acpiphp: ACPI Hot Plug PCI Controller Driver version: 0.5
[    3.112101] PCI: Using configuration type 1 for base access
[    3.130253] ACPI: Added _OSI(Module Device)
[    3.133573] ACPI: Added _OSI(Processor Device)
[    3.136916] ACPI: Added _OSI(3.0 _SCP Extensions)
[    3.139039] ACPI: Added _OSI(Processor Aggregator Device)
[    3.143642] ACPI: Executed 1 blocks of module-level executable AML code
[    3.151634] ACPI: Interpreter enabled
[    3.153618] ACPI: (supports S0 S5)
[    3.156581] ACPI: Using IOAPIC for interrupt routing
[    3.162884] PCI: Using host bridge windows from ACPI; if necessary, use "pci=nocrs" and report a bug
[    3.188152] ACPI: PCI Root Bridge [PCI0] (domain 0000 [bus 00-ff])
[    3.200139] acpi PNP0A03:00: _OSC: OS supports [ASPM ClockPM Segments MSI]
[    3.203004] acpi PNP0A03:00: _OSC: not requesting OS control; OS requires [ExtendedConfig ASPM ClockPM MSI]
[    3.209399] acpi PNP0A03:00: fail to add MMCONFIG information, can't access extended PCI configuration space under this bridge.
[    3.214339] PCI host bridge to bus 0000:00
[    3.215926] pci_bus 0000:00: root bus resource [io  0x0000-0x0cf7 window]
[    3.233256] pci_bus 0000:00: root bus resource [io  0x0d00-0xffff window]
[    3.240761] pci_bus 0000:00: root bus resource [mem 0x000a0000-0x000bffff window]
[    3.252479] pci_bus 0000:00: root bus resource [mem 0x40000000-0xfdffffff window]
[    3.265171] pci_bus 0000:00: root bus resource [bus 00-ff]
[    3.276764] pci 0000:00:01.1: legacy IDE quirk: reg 0x10: [io  0x01f0-0x01f7]
[    3.288403] pci 0000:00:01.1: legacy IDE quirk: reg 0x14: [io  0x03f6]
[    3.295974] pci 0000:00:01.1: legacy IDE quirk: reg 0x18: [io  0x0170-0x0177]
[    3.330889] pci 0000:00:01.1: legacy IDE quirk: reg 0x1c: [io  0x0376]
[    3.361752] pci 0000:00:07.0: quirk: [io  0x4000-0x403f] claimed by PIIX4 ACPI
[    3.372596] pci 0000:00:07.0: quirk: [io  0x4100-0x410f] claimed by PIIX4 SMB
[    3.384698] ACPI: PCI Interrupt Link [LNKA] (IRQs 5 9 10 *11)
[    3.390266] ACPI: PCI Interrupt Link [LNKB] (IRQs 5 9 *10 11)
[    3.395119] ACPI: PCI Interrupt Link [LNKC] (IRQs 5 *9 10 11)
[    3.400533] ACPI: PCI Interrupt Link [LNKD] (IRQs 5 9 10 *11)
[    3.408063] ACPI: Enabled 2 GPEs in block 00 to 07
[    3.419805] vgaarb: setting as boot device: PCI:0000:00:02.0
[    3.429368] vgaarb: device added: PCI:0000:00:02.0,decodes=io+mem,owns=io+mem,locks=none
[    3.443075] vgaarb: loaded
[    3.446097] vgaarb: bridge control possible 0000:00:02.0
[    3.462591] SCSI subsystem initialized
[    3.465655] ACPI: bus type USB registered
[    3.481305] usbcore: registered new interface driver usbfs
[    3.487082] usbcore: registered new interface driver hub
[    3.492347] usbcore: registered new device driver usb
[    3.502537] PCI: Using ACPI for IRQ routing
[    3.510910] NetLabel: Initializing
[    3.520436] NetLabel:  domain hash size = 128
[    3.530620] NetLabel:  protocols = UNLABELED CIPSOv4
[    3.534045] NetLabel:  unlabeled traffic allowed by default
[    3.539937] amd_nb: Cannot enumerate AMD northbridges
[    3.548804] clocksource: Switched to clocksource kvm-clock
[    3.562903] AppArmor: AppArmor Filesystem Enabled
[    3.566711] pnp: PnP ACPI init
[    3.569714] pnp: nP ACPI: foun 3 devices

[    3.64117] cocksource: acpi_pm: mask: 0xffffff max_cycles: 0xffffff, max_idle_ns 2085701024 ns
[    3.722138] NET: Registered protocol family 2

[    3.724641] TCP established hash table entries: 8192 (order: 4, 65536 bytes)
[    3.727732] TCP bind hash table entries: 8192 (order: 5, 131072 bytes)
[    3.73044] TCP: Hash tables configured (established 8192 bind 8192)
[    3.758421] UDP hash tble entries: 512 (order: 2, 16384 bytes)
[   3.786397] UDP-Lite hash table entries: 512 (order: 2, 16384 byte)
[   339794] NET: Registred protocol family 1
[    3.943458] pci 0000:00:00.0 Limiting direct PCI/PC transfers
    3.998160] pci 0000:00:01.0: Activating ISA DMAhang workarounds
[    4.05131] Unpacking iitramfs..

[    6.307269] Freeing initrd memory: 10904K
[    6.31912]RAPLPMU etected, API uit is 2^-32 Joules, 4 fixed counters 10737418240 ms ovfl timer
[    6.44232] hw uni of domain pp0-core 2^-0 Joules

[    6.500668] hw unit of domain package 2^-0 Joules
[    6.506809] hw unit of domain dram 2^-0 Joules
[    6.508679] hw unit of domain pp1-gpu 2^-0 Joules
[    6.514659] platform rtc_cmos: registered platform RTC device (no NP device found)
[   6.546077] Scanning fo low memory corruption every 60 seconds

[    6.601398] audit: initializing netlink subsys (disabled)
[    6.609054] audit: type=2000 audit(1532998768.007:1): initialized
[    6.612356] Initialise system trusted keyring
[    6.614867] HugeTLB registered 2 MB page size, pre-allocated 0 pages
[    6.620603] zbud: loaded
[    6.634494] VFS: Disk quotas dquot_6.6.0
[    6.646379] VFS: Dquot-cache hash table entries: 512 (order 0, 4096 bytes)
[    6.651507] squashfs: version 4.0 (2009/01/31) Phillip Lougher
[    6.657470] fuse init (API version 7.23)
[    6.663166] Key type big_key registered
[    6.670629] Allocating IMA MK and blacklist keyrings.
[    6.716361] Key type asymmetric registered
[    6.720490] Asymmetric key parser 'x509' registered
[    6.722924] Block layer SCSI generic (bsg) driver version 0.4 loaded (major 249)
[    6.728734] io scheduler noop registered
[    6.741189] io scheduler deadline registered (default)
[    6.751907] io scheduler cfq registered
[    6.754969] pci_hotplug: PCI Hot Plug PCI Core version: 0.5
[    6.758819] pciehp: PCI Express Hot Plug Controller Driver version: 0.4
[    6.776899] ACPI: AC Adapter [AC] (on-line)
[    6.787782] input: Power Button as /devices/LNXSYSTM:00/LNXPWRBN:00/input/input0
[    6.802064] ACPI: Power Button [PWRF]
[    6.806693] input: Sleep Button as /devices/LNXSYSTM:00/LNXSLPBN:00/input/input1
[    6.814625] ACPI: Sleep Button [SLPF]
[    6.818003] GHES: HEST is not enabled!
[    6.823887] ACPI: Battery Slot [BAT0] (battery present)
[    6.831413] Serial: 8250/16550 driver, 32 ports,RQ sharig enable
[    6.96904] 00:02: ttyS0 at I/O 0x3f8 (irq = 4, base_baud = 115200) is a 16550A

[    7.005293] Linux agpgart interface v0.103
[    7.011557] loop: module loaded
[    7.014235] scsi host0: ata_piix
[    7.016434] scsi host1: ata_piix
[    7.018270] ata1: PATA max UDMA/33 cmd 0x1f0 ctl 0x3f6 bmdma 0xd000 irq 14
[    7.021560] ata2: PATA max UDMA/33 cmd 0x170 ctl 0x376 bmdma 0xd008 irq 15
[    7.025175] libphy: Fixed MDIO Bus: probed
[    7.027652] tun: Universal TUN/TAP device driver, 1.6
[    7.036517] tn: (C) 1999-2004 Max Krasnyansky <maxk@qalcomm.com>
[    7.090293] PPP generic driver version 2.4.2
[    7.103626] ehci_hcd: USB 2.0 'Enhanced' Host Controller (EHCI) Driver
[    7.109666] ehci-pci: EHCI PCI platform driver
[    7.111696] ehci-platform: EHCI generic platform driver
[    7.117871] ohci_hcd: USB 1.1 'Open' Host Controller (OHCI) Driver
[    7.120387] ohci-pci: OHCI PCI platform driver
[    7.130604] ohci-platform: OHCI generic platform driver
[    7.137800] uhci_hcd: USB Universal Host Controller Interface driver
[    7.140358] i8042: PNP: PS/2 Controller [PNP0303:PS2K,PNP0f03:PS2M] at 0x60,0x64 irq 1,12
[    7.150028] serio: i8042 KBD port at 0x60,0x64 irq 1
[    7.158264] serio: i8042 AUX port at 0x60,0x64 irq 12
[    7.162899] mousedev: PS/2 mouse device common for all mice
[    7.178789] input: AT Translated Set 2 keyboard as /devices/platform/i8042/serio0/input/input2
[    7.181700] rtc_cmos rtc_cmos: rtc core: registered rtc_cmos as rtc0
[    7.181770] rtc_cmos rtc_cmos: alarms up to one day, 114 bytes nvram
[    7.181778] i2c /dev entries driver
[    7.181841] device-mapper: uevent: version 1.0.3
[    7.181900] device-mapper: ioctl: 4.34.0-ioctl (2015-10-28) initialised: dm-devel@redhat.com
[    7.181919] ledtrig-cpu: registered to indicate activity on CPUs
[    7.193682] NET: Registered protocol family 10
[    7.193857] NET: Registered protocol family 17
[    7.193867] Key type dns_resolver registered
[    7.194138] registered taskstats version 1
[    7.194161] Loading compiled-in X.509 certificates
[    7.194964] Loaded X.509 cert 'Build time autogenerated kernel key: b3e0fe4bcd6378c38a2c0a4648abbc1fa5043a22'
[    7.194993] zswap: loaded using pool lzo/zbud
[    7.197028] Key type trusted registered
[    7.200643] Key type encrypted registered
[    7.200651] AppArmor: AppArmor sha1 policy hashing enabled
[    7.200654] ima: No TPM chip found, activating TPM-bypass!
[    7.200661] ima: Allocated hash algorithm: sha1
[    7.200679] evm: HMAC attrs: 0x1
[    7.201231]   Magic number: 10:774:962
[    7.202540] rtc_cmos rtc_cmos: setting system clock to 2018-07-31 00:59:25 UTC (1532998765)
[    7.202631] BIOS EDD facility v0.16 2004-Jun-25, 0 devices found
[    7.202631] EDD information not available.
[    7.342360] Freeing unused kernel memory: 1516K
[    7.365217] Write protecting the kernel read-only data: 14336k
[    7.372757] Freeing unused kernel memory: 1680K
[    7.376977] Freeing unused kernel memory: 96K
Loading, please wait...
starting version[    7.407104] random: systemd-udevd: uninitialized urandom read (16 bytes read, 5 bits of entropy available)
 229
[    7.407901] random: udevadm: uninitialized urandom read (16 bytes read, 5 bits of entropy available)
[    7.407920] random: udevadm: uninitialized urandom read (16 bytes read, 5 bits of entropy available)
[    7.417656] random: udevadm: uninitialized urandom read (16 bytes read, 5 bits of entropy available)
[    7.417703] random: udevadm: uninitialized urandom read (16 bytes read, 5 bits of entropy available)
[    7.417844] random: udevadm: uninitialized urandom read (16 bytes read, 5 bits of entropy available)
[    7.417898] random: udevadm: uninitialized urandom read (16 bytes read, 5 bits of entropy available)
[    7.418008] random: udevadm: uninitialized urandom read (16 bytes read, 5 bits of entropy available)
[    7.418069] random: udevadm: uninitialized urandom read (16 bytes read, 5 bits of entropy available)
[    7.418123] random: udevadm: uninitialized urandom read (16 bytes read, 5 bits of entropy available)
[    7.514220] tsc: Refined TSC clocksource calibration: 1600.489 MHz
[    7.514224] clocksource: tsc: mask: 0xffffffffffffffff max_cycles: 0x1711f2e6939, max_idle_ns: 440795215747 ns
[    7.604535] Fusion MPT base driver 3.04.20
[    7.610207] Copyright (c) 1999-2008 LSI Corporation
[    7.631379] e1000: Intel(R) PRO/1000 Network Driver - version 7.3.21-k8-NAPI
[    7.640651] e1000: Copyright (c) 1999-2006 Intel Corporation.
[    7.647856] AVX2 version of gcm_enc/dec engaged.
[    7.649880] AES CTR mode by8 optimization enabled
[    7.670454] Fusion MPT SPI Host driver 3.04.20
[    7.857703] input: ImExPS/2 Generic Explorer Mouse as /devices/platform/i8042/serio1/input/input4
[    8.124678] e1000 0000:00:03.0 eth0: (PCI:33MHz:32-bit) 02:c5:fa:e6:4f:6d
[    8.129774] e1000 0000:00:03.0 eth0: Intel(R) PRO/1000 Network Connection
[    8.138966] e1000 0000:00:03.0 enp0s3: renamed from eth0
[    8.154662] mptbase: ioc0: Initiating bringup
[    8.448586] ioc0: LSI53C1030 A0: Capabilities={Initiator}
[    9.204342] scsi host2: ioc0: LSI53C1030 A0, FwRev=00000000h, Ports=1, MaxQ=256, IRQ=20
[    9.585184] scsi 2:0:0:0: Direct-Access     VBOX     HARDDISK         1.0  PQ: 0 ANSI: 5
[    9.590839] scsi target2:0:0: Beginning Domain Validation
[    9.605625] scsi target2:0:0: Domain Validation skipping write tests
[    9.821112] scsi target2:0:0: Ending Domain Validation
[    9.823779] scsi target2:0:0: asynchronous
[    9.831686] scsi 2:0:1:0: Direct-Access     VBOX     HARDDISK         1.0  PQ: 0 ANSI: 5
[    9.844410] scsi target2:0:1: Beginning Domain Validation
[    9.857840] scsi target2:0:1: Domain Validation skipping write tests
[    9.860782] scsi target2:0:1: Ending Domain Validation
[    9.866578] scsi target2:0:1: asynchronous
[   10.083520] sd 2:0:0:0: Attached scsi generic sg0 type 0
[   10.085521] sd 2:0:0:0: [sda] 20971520 512-byte logical blocks: (10.7 GB/10.0 GiB)
[   10.091925] sd 2:0:1:0: [sdb] 20480 512-byte logical blocks: (10.5 MB/10.0 MiB)
[   10.099189] sd 2:0:1:0: Attached scsi generic sg1 type 0
[   10.103122] sd 2:0:0:0: [sda] Write Protect is off
[   10.103174] sd 2:0:1:0: [sdb] Write Protect is off
[   10.103322] sd 2:0:1:0: [sdb] Incomplete mode parameter data
[   10.103323] sd 2:0:1:0: [sdb] Assuming drive cache: write through
[   10.106220] sd 2:0:1:0: [sdb] Attached SCSI disk
[   10.142497] sd 2:0:0:0: [sda] Incomplete mode parameter data
[   10.144874] sd 2:0:0:0: [sda] Assuming drive cache: write through
[   10.151798]  sda: sda1
[   10.155277] sd 2:0:0:0: [sda] Attached SCSI disk
Begin: Loading essential drivers ... [   11.665682] md: linear personality registered for level -1
[   11.672637] md: multipath personality registered for level -4
[   11.685927] md: raid0 personality registered for level 0
[   11.700758] md: raid1 personality registered for level 1
[   11.780889] raid6: sse2x1   gen()  8014 MB/s
[   11.849037] raid6: sse2x1   xor()  5061 MB/s
[   11.916872] raid6: sse2x2   gen()  9729 MB/s
[   11.984870] raid6: sse2x2   xor()  6495 MB/s
[   12.060904] raid6: sse2x4   gen() 10375 MB/s
[   12.140885] raid6: sse2x4   xor()  7885 MB/s
[   12.217376] raid6: avx2x1   gen() 15553 MB/s
[   12.285531] raid6: avx2x2   gen()  9872 MB/s
[   12.356995] raid6: avx2x4   gen()  4880 MB/s
[   12.363582] raid6: using algorithm avx2x1 gen() 15553 MB/s
[   12.378645] raid6: using avx2x2 recovery algorithm
[   12.403514] xor: automatically using best checksumming function:
[   12.444982]    avx       : 15177.000 MB/sec
[   12.458389] async_tx: api initialized (async)
[   12.493225] md: raid6 personality registered for level 6
[   12.502599] md: raid5 personality registered for level 5
[   12.505506] md: raid4 personality registered for level 4
[   12.525012] md: raid10 personality registered for level 10
done.
Begin: Running /scripts/init-premount ... done.
Begin: Mounting root file system ... Begin: Running /scripts/local-top ... done.
Begin: Running /scripts/local-premount ... [   12.632233] Btrfs loaded
Scanning for Btrfs filesystems
done.
Warning: fsck not present, so sk[   12.732019] EXT4-fs (sda1): mounted filesystem with ordered data mode. Opts: (null)
ipping root file system
done.
Begin: Running /scripts/local-bottom ... done.
Begin: Running /scripts/init-bottom ... done.
[   12.973455] systemd[1]: systemd 229running in system mode. (+PAM +AUDIT +SELINUX +IMA +APPARMOR +SMACK +SYSVINIT +UTMP +LIBRYPTSETP +GCRYPT +GNUTLS +ACL +XZ -LZ4 +SECCOMP +BLKID +ELFUTILS +KMOD -IDN)

[   13.064294] systemd[1]: Detected virtualizationoracle.
   1.09379] systed[1]: etected architecture x86-64.

Welcome to [1mUbuntu 16.04.4 LTS[0m!

[  13.273363] systemd[1]: Set hostname to <ubuntu>.
[   13.307948] systemd[1]: Initializing machine IDrom rndom generator.
[   13.391229] sysemd[1]: Intalled tranient /etc/machine-id file.

[   13.792601] ysted[1]: Listening n Journal Socket (/dev/log).
[[0;32m  OK  [0m] Listening on Journal Socket (/dev/log).
[  14.277622] systemd[1]: Reached targetystem ime Synchrnized.
[[0;32m  OK  [0m] Reached target System Time Synchronized.
[   14.538274] systemd[1]: Reached targetUser and Group ame Lookups.
[[0;32m  OK  [0m] Reached target User and Group Name Lookups.
[   14.826392] systemd[1]: Set up automount Arbitrary Executable File Formats File System Automount Point.
[[0;32m  OK  [0m] Set up automount Arbitrary Executab...ats File System Automount Point.
[   14.841587] systemd[1]: Listening on Syslog Socket.
[[0;32m  OK  [0m] Listening on Syslog Socket.
[   15.03733] systemd[1]: Listening on Journal Socket.
[[0;32m  OK  [0m] Listening on Journal Socket.
[   15.213978] systemd[1]: Reached target Swap.
[[0;32m  OK  [0m] Reached target Swap.
[  15.273735] sstem[1]: Started Trigger resolvconf update fornetworkd DNS.
[[0;32m  OK  [0m] Started Trigger resolvconf update for networkd DNS.
[  15.539770] systemd[1]: Listening on udev Control Socket.
[[0;32m  OK  [0m] Listening on udev Control Socket.
[   15.848833] systemd[1]: Started Forward Password Requess to Wall Directory Watc.
[[0;32m  OK  [0m] Started Forward Password Requests to Wall Directory Watch.
[   16.023727] sysem1]: Listening on LVM2 metadata daemon socket.
[[0;32m  OK  [0m] Listening on LVM2 metadata daemon socket.
[  16.273591 systemd[]: Reached target Encrypted Volumes.
[[0;32m  OK  [0m] Reached target Encrypted Volumes.
[   16.558851] systemd[1]: Created slice User and Session Slice.
[[0;32m  OK  [0m] Created slice User and Session Slice.
[  16.82976] systemd[1]: Listening on /dev/initctl Compatibility Named Pipe.
[[0;32m  OK  [0m] Listening on /dev/initctl Compatibility Named Pipe.
[   17.281888] systemd[1]: Listening on Journal Audt Socke.
[[0;32m  OK  [0m] Listening on Journal Audit Socket.
[  17.525993 systemd[1: Listening on LVM2 poll daemon soket.
[[0;32m  OK  [0m] Listening on LVM2 poll daemon socket.
[  18.233388] systemd[1]: Listening on udev Kernel Socket.
[[0;32m  OK  [0m] Listening on udev Kernel Socket.
[   18.540517] sysemd[1]:reated lice System Slice.
[[0;32m  OK  [0m] Created slice System Slice.
[   19.041979] systemd[1]: Starting Journal Service...
[   19.046672] random: nonblocking pool is initialized
         Starting Journal Service...
[   19.062006] systemd[1]: Starting Create list of required static device nodes for the current kernel...
         Starting Create list of required st... nodes for the current kernel...
[   19.091519] systemd[1]: Starting Remount Root and Kernel File Systems...
[   19.096531] EXT4-fs (sda1): re-mounted. Opts: (null)
         Starting Remount Root and Kernel File Systems...
[   19.121500] systemd[1]: Starting Nameserver information manager...
         Starting Nameserver information manager...
[   19.147030] systemd[1]: Starting Uncomplicated firewall...
         Starting Uncomplicated firewall...
[   19.177302] systemd[1]: Mounting Huge Pages File System...
         Mounting Huge Pages File System...
[   19.221249] systemd[1]: Starting Load Kernel Modules...
         Starting Load Kernel Modules...
[   19.237881] Loading iSCSI transport class v2.0-870.
[   19.244208] systemd[1]: Mounting POSIX Message Queue File System...
         Mounting POSIX Message Queue File System...
[   19.265620] systemd[1]: Starting Set console keymap...
         Startin[   19.274980] iscsi: registered transport (tcp)
g Set console keymap...
[   19.279587] systemd[1]: Mounting Debug File System...
         Mounting Debug File System...
[   19.286097] systemd[1]: Created slice system-serial\x2dgetty.slice.
[[0;32m  OK  [0m] Created slice system-serial\x2dgetty.slice.
[   19.300350] systemd[1]: Reached target Slices.
[[0;32m  OK  [0m] Reached target Slices.
[   19.304668] systemd[1]: Listening on Device-mapper event daemon FIFOs.
[[0;32m  OK  [0m] Listening on Device-mapper event daemon FIFOs.
[   19.345371] systemd[1]: Starting Monitoring of LVM2 mirrors, snapshots etc. using dmeventd or progress polling...
         Starting Monitoring of LVM2 mirrors... dmeventd or progress polling...
[   19.360228] iscsi: registered transport (iser)
[   19.362265] systemd[1]: Mounted POSIX Message Queue File System.
[[0;32m  OK  [0m] Mounted POSIX Message Queue File System.
[   19.377660] systemd[1]: Mounted Huge Pages File System.
[[0;32m  OK  [0m] Mounted Huge Pages File System.
[   19.397864] systemd[1]: Mounted Debug File System.
[[0;32m  OK  [0m] Mounted Debug File System.
[   19.416072] systemd[1]: Started Journal Service.
[[0;32m  OK  [0m] Started Journal Service.
[[0;32m  OK  [0m] Started Create list of required sta...ce nodes for the current kernel.
[[0;32m  OK  [0m] Started Remount Root and Kernel File Systems.
[[0;32m  OK  [0m] Started Uncomplicated firewall.
[[0;32m  OK  [0m] Started Load Kernel Modules.
[[0;32m  OK  [0m] Started Set console keymap.
[[0;32m  OK  [0m] Started Nameserver information manager.
[[0;32m  OK  [0m] Started LVM2 metadata daemon.
         Mounting FUSE Control File System...
         Starting Apply Kernel Variables...
         Starting Load/Save Random Seed...
         Starting udev Coldplug all Devices...
         Starting Create Static Device Nodes in /dev...
         Starting Flush Journal to Persistent Storage...
[[0;32m  OK  [0m] Mounted FUSE Control File System.
[[0;32m  OK  [0m] Started Apply Kernel Variables.
[[0;32m  OK  [0m] Started Load/Save Random Seed.
[[0;32m  OK  [0m] Started Create Static Device Nodes in /dev.
[[0;32m  OK  [0m] Started udev Coldplug all Devices.
[[0;32m  OK  [0m] Started Flush Journal to Persistent Storage.
         Starting udev Kernel Device Manager...
[[0;32m  OK  [0m] Started udev Kernel Device Manager.
[[0;32m  OK  [0m] Started Dispatch Password Requests to Console Directory Watch.
[[0;32m  OK  [0m] Started Monitoring of LVM2 mirrors,...ng dmeventd or progress polling.
[[0;32m  OK  [0m] Reached target Local File Systems (Pre).
[[0;32m  OK  [0m] Reached target Local File Systems.
         Starting Create Volatile Files and Directories...
         Starting Set console font and keymap...
         Starting Tell Plymouth To Write Out Runtime Data...
         Starting Commit a transient machine-id on disk...
         Starting Initial cloud-init job (pre-networking)...
         Starting LSB: AppArmor initialization...
[[0;32m  OK  [0m] Started Create Volatile Files and Directories.
[[0;32m  OK  [0m] Started Tell Plymouth To Write Out Runtime Data.
[[0;32m  OK  [0m] Started Commit a transient machine-id on disk.
[[0;32m  OK  [0m] Found device /dev/ttyS0.
         Starting Update UTMP about System Boot/Shutdown...
[[0;32m  OK  [0m] Listening on Load/Save RF Kill Switch Status /dev/rfkill Watch.
[[0;32m  OK  [0m] Started Update UTMP about System Boot/Shutdown.
[[0;32m  OK  [0m] Started LSB: AppArmor initialization.
[   19.018108] cloud-init[511]: Cloud-init v. 18.2 running 'init-local' at Tue, 31 Jul 2018 00:59:39 +0000. Up 18.49 seconds.
[[0;32m  OK  [0m] Started Initial cloud-init job (pre-networking).
[[0;32m  OK  [0m] Reached target Network (Pre).
         Starting Raise network interfaces...
[[0;32m  OK  [0m] Started Set console font and keymap.
[[0;32m  OK  [0m] Created slice system-getty.slice.
[[0;32m  OK  [0m] Started Raise network interfaces.
[[0;32m  OK  [0m] Reached target Network.
         Starting Initial cloud-init job (metadata service crawler)...
[   20.767598] cloud-init[954]: Cloud-init v. 18.2 running 'init' at Tue, 31 Jul 2018 00:59:41 +0000. Up 19.82 seconds.
[   20.795300] cloud-init[954]: ci-info: +++++++++++++++++++++++++++++++++++++Net device info++++++++++++++++++++++++++++++++++++++
[   20.811004] cloud-init[954]: ci-info: +--------+------+----------------------------+---------------+-------+-------------------+
[   20.832631] cloud-init[954]: ci-info: | Device |  Up  |          Address           |      Mask     | Scope |     Hw-Address    |
[[0;32m  OK  [0m] Started Initial cloud-init job (metadata service crawler).
[[0;32m  OK  [0m] Reached target System Initialization.
         Starting Socket activation for snappy daemon.
[   20.844519] cloud-init[954]: ci-info: +--------+------+----------------------------+---------------+-------+-------------------+
[   21.018531] cloud-init[954]: ci-info: | enp0s3 | True |         10.0.2.15          | 255.255.255.0 |   .   | 02:c5:fa:e6:4f:6d |
[[0;32m  OK  [0m] Started Daily apt download activities.
[[0;32m  OK  [0m] Started Daily apt upgrade and clean activities.
[   21.022211] cloud-init[954]: ci-info: | enp0s3 | True | fe80::c5:faff:fee6:4f6d/64 |       .       |  link | 02:c5:fa:e6:4f:6d |
[   21.137479]          Starting LXD - unix socket.
[[0;32m  OK  [0m] Listening on UUID daemon activation socket.
cloud-init[954]: ci-info: |   lo   | True |         127.0.0.1          |   255.0.0.0   |   .   |         .         |
[   21.163111] cloud-init[954]: ci-info: |   lo   | True |          ::1/128           |       .       |  host |         .         |
[[0;32m  OK  [0m] Started ACPI Events Check.
[[0;32m  OK  [0m] Reached target Paths.
[[0;32m  OK  [0m] Listening on D-Bus System Message Bus Socket.
[   21.164371] cloud-init[954]: ci-info: +--------+------+----------------------------+---------------+-------+-------------------+
[   21.252687] [cloud-init[0;32m  OK  [0m[954]: ] ci-info: +++++++++++++++++++++++++++Route IPv4 info++++++++++++++++++++++++++++Listening on ACPID Listen Socket.

[   21.312504] [[0;32m  OK  [0m] Started Daily Cleanup of Temporary Directories.
[[0;32m  OK  [0m] Reached target Timers.
cloud-init[954]: ci-info: +-------+-------------+----------+---------------+-----------+-------+
[   21.371846] [[0;32m  OK  [0m] Reached target Cloud-config availability.
[cloud-init[0;32m  OK  [0m[954]: ] ci-info: | Route | Destination | Gateway  |    Genmask    | Interface | Flags |Reached target Network is Online.

[   21.375523] cloud-init[954]: ci-info: +-------+-------------+----------+---------------+-----------+-------+
[   21.480816]          Starting iSCSI initiator daemon (iscsid)...
[[0;32m  OK  [0m] Listening on Socket activation for snappy daemon.
[[0;32m  OK  [0m] Listening on LXD - unix socket.
cloud-init[954]: ci-info: |   0   |   0.0.0.0   | 10.0.2.2 |    0.0.0.0    |   enp0s3  |   UG  |
[[0;32m  OK  [0m] Reached target Sockets.
[[0;32m  OK  [0m] Reached target Basic System.
[   21.512096] cloud-init[954]: ci-info: |   1   |   10.0.2.0  | 0.0.0.0  | 255.255.255.0 |   enp0s3  |   U   |
[   21.524602] cloud-init[954]: ci-info: +-------+-------------+----------+---------------+-----------+-------+
[   21.525211]          cloud-initStarting Pollinate to seed the pseudo random number generator...[954]: 
Generating public/private rsa key pair.
[   21.541439] cloud-init[954]: Your identification has been saved in /etc/ssh/ssh_host_rsa_key.
[   21.541957] cloud-init[954]: Your public key has been saved in /etc/ssh/ssh_host_rsa_key.pub.
         Starting Accounts Service...
[   21.542599] cloud-init[954]: The key fingerprint is:
[   21.599992] cloud-init[954]: SHA256:kRanD8nfIXm0eDHzNRGt8ekG1xO4jsZ9FVT5h2bYvzQ root@ubuntu-xenial
[   21.617585] cloud-init[954]: The key's randomart image is:
[   21.618093] cloud-init[954]: +---[RSA 2048]----+
[   21.620904] cloud-init[954]: |        . . = o=O|
         Starting LSB: MD monitoring daemon...
[   21.622034] cloud-init[954]: |       . * + B.=o|
[   21.651491] cloud-init[954]: |        O + =oo=*|
[   21.654175] cloud-init[954]: |       . = =.+*+*|
[   21.678406] cloud-init[954]: |        S + =o+.+|
[   21.679078] cloud-init[954]: |           + o E.|
[   21.681506] cloud-init[954]: |          .   + o|
[   21.682750] cloud-init[954]: |               . |
[   21.683778] cloud-init[954]: |                 |
[[0;32m  OK  [0m] Started Deferred execution scheduler.
[   21.684430] cloud-init[954]: +----[SHA256]-----+
[   21.784431] cloud-init[954]: Generating public/private dsa key pair.
[   21.785065] cloud-init[954]: Your identification has been saved in /etc/ssh/ssh_host_dsa_key.
[   21.785987]          cloud-initStarting /etc/rc.local Compatibility...[954]: 
Your public key has been saved in /etc/ssh/ssh_host_dsa_key.pub.
[   21.811098]          Starting Apply the settings specified in cloud-config...
cloud-init[954]: The key fingerprint is:
         [   21.848491] cloud-init[954]: SHA256:urTswy3uAew9/OpqCFStLjgq4ypfMtgC8TtgmM8UkSk root@ubuntu-xenialStarting Login Service...
         Starting System Logging Service...
[[0;32m  OK  [0m] Started FUSE filesystem for LXC.
         
Starting LXD - container startup/shutdown...[   21.870494] cloud-init[954]: The key's randomart image is:
[   21.871475] cloud-init[954]: +---[DSA 1024]----+
[   21.871524] cloud-init[954]: |  .o.            |
[   21.871564] cloud-init[954]: |E oo .           |
[   21.871605] cloud-init[954]: |..o .            |
[   21.871643] cloud-init[954]: |.= +             |
[   21.871680] cloud-init[954]: |B.+ o   S        |
[   21.871717] cloud-init[954]: |*O + + .         |
[   21.871767] cloud-init[954]: |+oX.o.B.         |
[   21.871827] cloud-init[954]: |=..=.o+*.        |
[   21.871867] cloud-init[954]: |*+...*X+.        |
[   21.871909] cloud-init[954]: +----[SHA256]-----+
[   21.871948] cloud-init[954]: Generating public/private ecdsa key pair.
[   21.871988] cloud-init[954]: Your identification has been saved in /etc/ssh/ssh_host_ecdsa_key.

[   21.872175] cloud-init[954]: Your public key has been saved in /etc/ssh/ssh_host_ecdsa_key.pub.
[   21.955332] [[0;32m  OK  [0m] Started ACPI event daemon.
cloud-init[954]: The key fingerprint is:         Starting LSB: Record successful boot for GRUB...
[[0;32m  OK  [0m
] Started Unattended Upgrades Shutdown.
         Starting Virtualbox guest utils...[   21.988935] cloud-init[954]: SHA256:pd8SD/DfOXRyuvPGMwu2WKnVqYOuS+MNjt7CphzVj0U root@ubuntu-xenial
[[0;32m  OK  [0m] Started D-Bus System Message Bus.

[   22.008854] cloud-init[954]: The key's randomart image is:
[   22.018206] cloud-init[954]: +---[ECDSA 256]---+
[   22.030630] cloud-init[954]: |                 |
[   22.060878] cloud-init[954]: |                 |
[[0;32m  OK  [0m] Started Regular background program processing daemon.
[   22.123781] cloud-init[954]: |        . .E     |
         Starting Snappy daemon...
[   22.200247] [[0;32m  OK  [0m] Started System Logging Service.
[[0;32m  OK  [0m] Started iSCSI initiator daemon (iscsid).
cloud-init[954]: |        .=.      |
[[0;32m  OK  [0m] Started /etc/rc.local Compatibility.
[   22.243612] cloud-init[954]: |       .S.+.  o o|
[[0;32m  OK  [0m] Started LXD - container startup/shutdown.
[   22.254834] cloud-init[954]: |      .  .+* oo*.|
[   22.276624] cloud-init[954]: |     ..  =o.=*=+ |
[   22.290021] cloud-init[954]: |    . .+* +o*.==o|
[   22.372950] cloud-init[954]: |     o+o.*+= oo==|
[   22.374555] cloud-init[954]: +----[SHA256]-----+
[   22.374780] cloud-init[954]: Generating public/private ed25519 key pair.
[   22.375227] cloud-init[954]: Your identification has been saved in /etc/ssh/ssh_host_ed25519_key.
[[0;32m  OK  [0m] Started LSB: MD monitoring daemon.
[[0;32m  OK  [0m] Started Snappy daemon.
[   22.378588] cloud-init[954]: Your public key has been saved in /etc/ssh/ssh_host_ed25519_key.pub.
[[0;32m  OK  [0m] [   22.507788] cloud-init[954]: The key fingerprint is:
[   22.510449] cloud-init[954]: SHA256:gqkTK6w2vDzOSHNerxhE5MGgaQky4q3/EmGJtJ5S7QQ root@ubuntu-xenial
Started LSB: Record successful boot for GRUB.
[   22.511240] cloud-init[954]: The key's randomart image is:
[   22.534528] cloud-init[954]: +--[ED25519 256]--+
[   22.544363] cloud-init[954]: |=.oo             |
[   22.544914] cloud-init[954]: |*+E..            |
[[0;32m  OK  [0m] Started Login Service.
[   22.545662] cloud-init[954]: |++o*.            |
[   22.588641] cloud-init[954]: |.o++oo           |
[   22.596970]          cloud-initStarting Authenticate and Authorize Users to Run Privileged Tasks...[954]: 
|.o+++ . S        |
[   22.634214]          Starting Wait until snapd is fully seeded...
cloud-init[954]: |ooo=.  .         |
[   22.716841]          cloud-initStarting Login to default iSCSI targets...[954]: 
|++++..           |
[   22.837122] [[0;32m  OK  [0m] Started Virtualbox guest utils.
cloud-init[954]: |**+o= .          |
[[0;32m  OK  [0m] Started Authenticate and Authorize Users to Run Privileged Tasks.
[   22.839984] cloud-init[954]: |==+o.o..         |
[   22.901100] cloud-init[954]: +----[SHA256]-----+
[[0;32m  OK  [0m] Started Accounts Service.
[   22.915925] cloud-init[1099]: Generating locales (this might take a while)...
[[0;32m  OK  [0m] Started Login to default iSCSI targets.
[[0;32m  OK  [0m] Reached target Remote File Systems (Pre).
[[0;32m  OK  [0m] Reached target Remote File Systems.
         Starting Permit User Sessions...
         Starting LSB: automatic crash report generation...
         Starting LSB: Set the CPU Frequency Scaling governor to "ondemand"...
         Starting LSB: daemon to balance interrupts for SMP systems...
[[0;32m  OK  [0m] Started Permit User Sessions.
         Starting Hold until boot process finishes up...
         Starting Terminate Plymouth Boot Screen...
[[0;32m  OK  [0m] Started LSB: automatic crash report generation.
[[0;32m  OK  [0m] Started LSB: Set the CPU Frequency Scaling governor to "ondemand".
[[0;32m  OK  [0m] Started LSB: daemon to balance interrupts for SMP systems.
[[0;32m  OK  [0m] Started Hold until boot process finishes up.
[[0;32m  OK  [0m] Started Terminate Plymouth Boot Screen.
[[0;32m  OK  [0m] Started Getty on tty1.
         Starting Set console scheme...
[[0;32m  OK  [0m] Started Serial Getty on ttyS0.
[[0;32m  OK  [0m] Reached target Login Prompts.
[[0;32m  OK  [0m] Started Set console scheme.
[   23.795018] cloud-init[1099]:   en_US.UTF-8... done
[   23.800787] cloud-init[1099]: Generation complete.
[   24.350115] cloud-init[1099]: Cloud-init v. 18.2 running 'modules:config' at Tue, 31 Jul 2018 00:59:43 +0000. Up 22.32 seconds.
[[0;32m  OK  [0m] Started Apply the settings specified in cloud-config.
[[0;32m  OK  [0m] Started Pollinate to seed the pseudo random number generator.
         Starting OpenBSD Secure Shell server...
[[0;32m  OK  [0m] Started OpenBSD Secure Shell server.
[[0;32m  OK  [0m] Created slice User Slice of vagrant.
         Starting User Manager for UID 1000...
[[0;32m  OK  [0m] Started Session 1 of user vagrant.
[[0;32m  OK  [0m] Started User Manager for UID 1000.
[[0;32m  OK  [0m] Started Wait until snapd is fully seeded.
[[0;32m  OK  [0m] Reached target Multi-User System.
         Starting Execute cloud user/final scripts...
[[0;32m  OK  [0m] Reached target Graphical Interface.
         Starting Update UTMP about System Runlevel Changes...
[[0;32m  OK  [0m] Started Update UTMP about System Runlevel Changes.
ci-info: no authorized ssh keys fingerprints found for user ubuntu.
<14>Jul 31 00:59:47 ec2: 
<14>Jul 31 00:59:47 ec2: #############################################################
<14>Jul 31 00:59:47 ec2: -----BEGIN SSH HOST KEY FINGERPRINTS-----
<14>Jul 31 00:59:47 ec2: 1024 SHA256:urTswy3uAew9/OpqCFStLjgq4ypfMtgC8TtgmM8UkSk root@ubuntu-xenial (DSA)
<14>Jul 31 00:59:47 ec2: 256 SHA256:pd8SD/DfOXRyuvPGMwu2WKnVqYOuS+MNjt7CphzVj0U root@ubuntu-xenial (ECDSA)
<14>Jul 31 00:59:47 ec2: 256 SHA256:gqkTK6w2vDzOSHNerxhE5MGgaQky4q3/EmGJtJ5S7QQ root@ubuntu-xenial (ED25519)
<14>Jul 31 00:59:47 ec2: 2048 SHA256:kRanD8nfIXm0eDHzNRGt8ekG1xO4jsZ9FVT5h2bYvzQ root@ubuntu-xenial (RSA)
<14>Jul 31 00:59:47 ec2: -----END SSH HOST KEY FINGERPRINTS-----
<14>Jul 31 00:59:47 ec2: #############################################################
-----BEGIN SSH HOST KEY KEYS-----
ecdsa-sha2-nistp256 AAAAE2VjZHNhLXNoYTItbmlzdHAyNTYAAAAIbmlzdHAyNTYAAABBBEGX4soVz6DBQLpzV3Yy2GZiID5WtOZH2YFw2iZkNHam5E3+ouW8wTHoCDkPHHB+fVxTVkLl+YNwzGOCiF6eMyk= root@ubuntu-xenial
ssh-ed25519 AAAAC3NzaC1lZDI1NTE5AAAAIOtGMhtRRut8uICuFS75zhHrXJ7XUA+gyUzvLC5ylSQA root@ubuntu-xenial
ssh-rsa AAAAB3NzaC1yc2EAAAADAQABAAABAQCxRo4xln/Gs4ghAkS5KObELmXWTr8ALHGRD5SjekPBW+l4o2MqrCaHY0Bf0FDnJeqqyqTarJ3M/AUVn8K8anUmKev28+fBhjE6gIiPRd69ua+0xlt1uZeOdHFTJYMW9pt1+3BcVOAXSpKPRozoiAaG1Zdbdxe1tJtKbK+P3oUXCFAIfI42K06Ul68deU9Fmw1mRfy8xfdkl005NbOj+GqDgLZyoPx5Ku6nXnurs0pSWiDTqxx1+bXTycBxmgevQoiLN86YHpDIbsk2XDpioP8MkhB8lXgOIT0eU6qSfE/FN75ian9Pfg5YVGVnwWUxuzGEifxD9LOWzl+rsGLqneW1 root@ubuntu-xenial
-----END SSH HOST KEY KEYS-----
[   26.861023] cloud-init[1375]: Cloud-init v. 18.2 running 'modules:final' at Tue, 31 Jul 2018 00:59:47 +0000. Up 26.32 seconds.
[   26.875193] cloud-init[1375]: ci-info: no authorized ssh keys fingerprints found for user ubuntu.
[   26.887936] cloud-init[1375]: Cloud-init v. 18.2 finished at Tue, 31 Jul 2018 00:59:48 +0000. Datasource DataSourceNoCloud [seed=/dev/sdb][dsmode=net].  Up 26.84 seconds
[[0;32m  OK  [0m] Started Execute cloud user/final scripts.
[[0;32m  OK  [0m] Reached target Cloud-init target.

Ubuntu 16.04.4 LTS ubuntu-xenial ttyS0

ubuntu-xenial login: 